<?xml version="1.0" encoding="UTF-8"?>
<testsuite xmlns:xsi="http://www.w3.org/2001/XMLSchema-instance" xsi:noNamespaceSchemaLocation="https://maven.apache.org/surefire/maven-surefire-plugin/xsd/surefire-test-report.xsd" name="com.tausif.CheckOutTest" time="0.141" tests="9" errors="0" skipped="0" failures="0">
  <properties>
    <property name="sun.desktop" value="windows"/>
    <property name="awt.toolkit" value="sun.awt.windows.WToolkit"/>
    <property name="java.specification.version" value="11"/>
    <property name="sun.cpu.isalist" value="amd64"/>
    <property name="sun.jnu.encoding" value="Cp1252"/>
    <property name="java.class.path" value="C:\Users\Nafees\Downloads\io.junit\target\test-classes;C:\Users\Nafees\Downloads\io.junit\target\classes;C:\Users\Nafees\.m2\repository\org\junit\jupiter\junit-jupiter-engine\5.8.2\junit-jupiter-engine-5.8.2.jar;C:\Users\Nafees\.m2\repository\org\junit\platform\junit-platform-engine\1.8.2\junit-platform-engine-1.8.2.jar;C:\Users\Nafees\.m2\repository\org\apiguardian\apiguardian-api\1.1.2\apiguardian-api-1.1.2.jar;C:\Users\Nafees\.m2\repository\org\junit\jupiter\junit-jupiter-api\5.8.2\junit-jupiter-api-5.8.2.jar;C:\Users\Nafees\.m2\repository\org\opentest4j\opentest4j\1.2.0\opentest4j-1.2.0.jar;C:\Users\Nafees\.m2\repository\org\junit\platform\junit-platform-commons\1.8.2\junit-platform-commons-1.8.2.jar;C:\Users\Nafees\.m2\repository\org\assertj\assertj-core\3.21.0\assertj-core-3.21.0.jar;C:\Users\Nafees\.m2\repository\org\mockito\mockito-core\4.0.0\mockito-core-4.0.0.jar;C:\Users\Nafees\.m2\repository\net\bytebuddy\byte-buddy\1.11.19\byte-buddy-1.11.19.jar;C:\Users\Nafees\.m2\repository\net\bytebuddy\byte-buddy-agent\1.11.19\byte-buddy-agent-1.11.19.jar;C:\Users\Nafees\.m2\repository\org\objenesis\objenesis\3.2\objenesis-3.2.jar;C:\Users\Nafees\.m2\repository\org\mockito\mockito-junit-jupiter\4.0.0\mockito-junit-jupiter-4.0.0.jar;"/>
    <property name="java.vm.vendor" value="Oracle Corporation"/>
    <property name="sun.arch.data.model" value="64"/>
    <property name="user.variant" value=""/>
    <property name="java.vendor.url" value="https://openjdk.java.net/"/>
    <property name="user.timezone" value="Asia/Calcutta"/>
    <property name="java.vm.specification.version" value="11"/>
    <property name="os.name" value="Windows 10"/>
    <property name="sun.java.launcher" value="SUN_STANDARD"/>
    <property name="user.country" value="IN"/>
    <property name="sun.boot.library.path" value="C:\Program Files\Java\jdk-11.0.8\bin"/>
    <property name="sun.java.command" value="C:\Users\Nafees\AppData\Local\Temp\surefire2666169139458010846\surefirebooter6876274404232646713.jar C:\Users\Nafees\AppData\Local\Temp\surefire2666169139458010846 2022-01-22T14-48-49_680-jvmRun1 surefire2003808502386456124tmp surefire_02022388833416059995tmp"/>
    <property name="jdk.debug" value="release"/>
    <property name="surefire.test.class.path" value="C:\Users\Nafees\Downloads\io.junit\target\test-classes;C:\Users\Nafees\Downloads\io.junit\target\classes;C:\Users\Nafees\.m2\repository\org\junit\jupiter\junit-jupiter-engine\5.8.2\junit-jupiter-engine-5.8.2.jar;C:\Users\Nafees\.m2\repository\org\junit\platform\junit-platform-engine\1.8.2\junit-platform-engine-1.8.2.jar;C:\Users\Nafees\.m2\repository\org\apiguardian\apiguardian-api\1.1.2\apiguardian-api-1.1.2.jar;C:\Users\Nafees\.m2\repository\org\junit\jupiter\junit-jupiter-api\5.8.2\junit-jupiter-api-5.8.2.jar;C:\Users\Nafees\.m2\repository\org\opentest4j\opentest4j\1.2.0\opentest4j-1.2.0.jar;C:\Users\Nafees\.m2\repository\org\junit\platform\junit-platform-commons\1.8.2\junit-platform-commons-1.8.2.jar;C:\Users\Nafees\.m2\repository\org\assertj\assertj-core\3.21.0\assertj-core-3.21.0.jar;C:\Users\Nafees\.m2\repository\org\mockito\mockito-core\4.0.0\mockito-core-4.0.0.jar;C:\Users\Nafees\.m2\repository\net\bytebuddy\byte-buddy\1.11.19\byte-buddy-1.11.19.jar;C:\Users\Nafees\.m2\repository\net\bytebuddy\byte-buddy-agent\1.11.19\byte-buddy-agent-1.11.19.jar;C:\Users\Nafees\.m2\repository\org\objenesis\objenesis\3.2\objenesis-3.2.jar;C:\Users\Nafees\.m2\repository\org\mockito\mockito-junit-jupiter\4.0.0\mockito-junit-jupiter-4.0.0.jar;"/>
    <property name="sun.cpu.endian" value="little"/>
    <property name="user.home" value="C:\Users\Nafees"/>
    <property name="user.language" value="en"/>
    <property name="java.specification.vendor" value="Oracle Corporation"/>
    <property name="java.version.date" value="2020-07-14"/>
    <property name="java.home" value="C:\Program Files\Java\jdk-11.0.8"/>
    <property name="file.separator" value="\"/>
    <property name="basedir" value="C:\Users\Nafees\Downloads\io.junit"/>
    <property name="java.vm.compressedOopsMode" value="32-bit"/>
    <property name="line.separator" value="&#10;"/>
    <property name="java.specification.name" value="Java Platform API Specification"/>
    <property name="java.vm.specification.vendor" value="Oracle Corporation"/>
    <property name="java.awt.graphicsenv" value="sun.awt.Win32GraphicsEnvironment"/>
    <property name="surefire.real.class.path" value="C:\Users\Nafees\AppData\Local\Temp\surefire2666169139458010846\surefirebooter6876274404232646713.jar"/>
    <property name="user.script" value=""/>
    <property name="sun.management.compiler" value="HotSpot 64-Bit Tiered Compilers"/>
    <property name="java.runtime.version" value="11.0.8+10-LTS"/>
    <property name="user.name" value="Nafees"/>
    <property name="path.separator" value=";"/>
    <property name="os.version" value="10.0"/>
    <property name="java.runtime.name" value="Java(TM) SE Runtime Environment"/>
    <property name="file.encoding" value="Cp1252"/>
    <property name="java.vm.name" value="Java HotSpot(TM) 64-Bit Server VM"/>
    <property name="java.vendor.version" value="18.9"/>
    <property name="localRepository" value="C:\Users\Nafees\.m2\repository"/>
    <property name="java.vendor.url.bug" value="https://bugreport.java.com/bugreport/"/>
    <property name="java.io.tmpdir" value="C:\Users\Nafees\AppData\Local\Temp\"/>
    <property name="idea.version" value="2020.2.1"/>
    <property name="java.version" value="11.0.8"/>
    <property name="user.dir" value="C:\Users\Nafees\Downloads\io.junit"/>
    <property name="os.arch" value="amd64"/>
    <property name="java.vm.specification.name" value="Java Virtual Machine Specification"/>
    <property name="java.awt.printerjob" value="sun.awt.windows.WPrinterJob"/>
    <property name="sun.os.patch.level" value=""/>
    <property name="java.library.path" value="C:\Program Files\Java\jdk-11.0.8\bin;C:\Windows\Sun\Java\bin;C:\Windows\system32;C:\Windows;C:\Program Files\Common Files\Oracle\Java\javapath;C:\Windows\system32;C:\Windows;C:\Windows\System32\Wbem;C:\Windows\System32\WindowsPowerShell\v1.0\;C:\Windows\System32\OpenSSH\;C:\Program Files\Git\cmd;C:\Program Files\nodejs\;C:\Program Files\Java\jdk-11.0.8\bin;C:\Users\Nafees\AppData\Local\Microsoft\WindowsApps;;C:\Users\Nafees\AppData\Local\Programs\Microsoft VS Code\bin;C:\Users\Nafees\AppData\Roaming\npm;."/>
    <property name="java.vendor" value="Oracle Corporation"/>
    <property name="java.vm.info" value="mixed mode"/>
    <property name="java.vm.version" value="11.0.8+10-LTS"/>
    <property name="sun.io.unicode.encoding" value="UnicodeLittle"/>
    <property name="java.class.version" value="55.0"/>
  </properties>
  <testcase name="testRoundToHalf" classname="com.tausif.CheckOutTest" time="0.062"/>
  <testcase name="testRound" classname="com.tausif.CheckOutTest" time="0"/>
  <testcase name="testConstructor" classname="com.tausif.CheckOutTest" time="0.016"/>
  <testcase name="testTotal1" classname="com.tausif.CheckOutTest$testTotals" time="0.016"/>
  <testcase name="testTotal2" classname="com.tausif.CheckOutTest$testTotals" time="0"/>
  <testcase name="testTotal3" classname="com.tausif.CheckOutTest$testTotals" time="0"/>
  <testcase name="testTotal4" classname="com.tausif.CheckOutTest$testTotals" time="0.016"/>
  <testcase name="testAddToBasket1" classname="com.tausif.CheckOutTest$AddToBasket" time="0"/>
  <testcase name="testAddToBasket2" classname="com.tausif.CheckOutTest$AddToBasket" time="0"/>
</testsuite>